<?xml version="1.0" encoding="UTF-8"?>
<coverage generated="1521948812734" clover="3.2.0">
  <project timestamp="1521948812734" name="All files">
    <metrics statements="27" coveredstatements="27" conditionals="34" coveredconditionals="34" methods="2" coveredmethods="2" elements="63" coveredelements="63" complexity="0" loc="27" ncloc="27" packages="1" files="1" classes="1">
      <file name="index.js" path="C:\Users\cseaton\Desktop\applications\l5xjs\src\document\index.js">
        <metrics statements="27" coveredstatements="27" conditionals="34" coveredconditionals="34" methods="2" coveredmethods="2"/>
        <line num="1" count="1" type="stmt"/>
        <line num="2" count="1" type="stmt"/>
        <line num="3" count="1" type="stmt"/>
        <line num="10" count="10" type="cond" truecount="2" falsecount="0"/>
        <line num="12" count="6" type="stmt"/>
        <line num="15" count="4" type="stmt"/>
        <line num="49" count="90" type="cond" truecount="2" falsecount="0"/>
        <line num="50" count="1" type="stmt"/>
        <line num="54" count="89" type="cond" truecount="4" falsecount="0"/>
        <line num="55" count="1" type="stmt"/>
        <line num="59" count="88" type="cond" truecount="4" falsecount="0"/>
        <line num="60" count="1" type="stmt"/>
        <line num="65" count="87" type="cond" truecount="2" falsecount="0"/>
        <line num="68" count="87" type="cond" truecount="5" falsecount="0"/>
        <line num="71" count="68" type="stmt"/>
        <line num="73" count="82" type="cond" truecount="2" falsecount="0"/>
        <line num="75" count="10" type="cond" truecount="2" falsecount="0"/>
        <line num="77" count="5" type="stmt"/>
        <line num="78" count="5" type="stmt"/>
        <line num="79" count="5" type="cond" truecount="4" falsecount="0"/>
        <line num="80" count="3" type="stmt"/>
        <line num="83" count="5" type="cond" truecount="2" falsecount="0"/>
        <line num="86" count="5" type="stmt"/>
        <line num="91" count="75" type="stmt"/>
        <line num="92" count="75" type="cond" truecount="2" falsecount="0"/>
        <line num="96" count="46" type="stmt"/>
        <line num="102" count="1" type="stmt"/>
      </file>
    </metrics>
  </project>
</coverage>
