{"C:\\Users\\cseaton\\Desktop\\applications\\l5xjs\\src\\document\\index.js": {"path":"C:\\Users\\cseaton\\Desktop\\applications\\l5xjs\\src\\document\\index.js","statementMap":{"0":{"start":{"line":1,"column":11},"end":{"line":1,"column":24}},"1":{"start":{"line":2,"column":20},"end":{"line":2,"column":35}},"2":{"start":{"line":3,"column":19},"end":{"line":3,"column":36}},"3":{"start":{"line":10,"column":8},"end":{"line":35,"column":9}},"4":{"start":{"line":12,"column":12},"end":{"line":12,"column":78}},"5":{"start":{"line":15,"column":12},"end":{"line":34,"column":14}},"6":{"start":{"line":49,"column":8},"end":{"line":52,"column":14}},"7":{"start":{"line":50,"column":12},"end":{"line":52,"column":14}},"8":{"start":{"line":54,"column":8},"end":{"line":57,"column":14}},"9":{"start":{"line":55,"column":12},"end":{"line":57,"column":14}},"10":{"start":{"line":59,"column":8},"end":{"line":62,"column":14}},"11":{"start":{"line":60,"column":12},"end":{"line":62,"column":14}},"12":{"start":{"line":65,"column":19},"end":{"line":65,"column":56}},"13":{"start":{"line":68,"column":8},"end":{"line":68,"column":94}},"14":{"start":{"line":68,"column":82},"end":{"line":68,"column":94}},"15":{"start":{"line":71,"column":8},"end":{"line":93,"column":9}},"16":{"start":{"line":73,"column":12},"end":{"line":88,"column":13}},"17":{"start":{"line":75,"column":16},"end":{"line":87,"column":17}},"18":{"start":{"line":77,"column":31},"end":{"line":77,"column":35}},"19":{"start":{"line":78,"column":20},"end":{"line":81,"column":21}},"20":{"start":{"line":79,"column":24},"end":{"line":80,"column":41}},"21":{"start":{"line":80,"column":28},"end":{"line":80,"column":41}},"22":{"start":{"line":83,"column":20},"end":{"line":83,"column":42}},"23":{"start":{"line":83,"column":30},"end":{"line":83,"column":42}},"24":{"start":{"line":86,"column":20},"end":{"line":86,"column":32}},"25":{"start":{"line":91,"column":28},"end":{"line":91,"column":55}},"26":{"start":{"line":92,"column":12},"end":{"line":92,"column":40}},"27":{"start":{"line":92,"column":25},"end":{"line":92,"column":40}},"28":{"start":{"line":96,"column":8},"end":{"line":96,"column":20}},"29":{"start":{"line":102,"column":0},"end":{"line":102,"column":26}}},"fnMap":{"0":{"name":"(anonymous_0)","decl":{"start":{"line":6,"column":4},"end":{"line":6,"column":5}},"loc":{"start":{"line":6,"column":33},"end":{"line":36,"column":5}},"line":6},"1":{"name":"(anonymous_1)","decl":{"start":{"line":47,"column":4},"end":{"line":47,"column":5}},"loc":{"start":{"line":47,"column":48},"end":{"line":97,"column":5}},"line":47}},"branchMap":{"0":{"loc":{"start":{"line":6,"column":16},"end":{"line":6,"column":31}},"type":"default-arg","locations":[{"start":{"line":6,"column":27},"end":{"line":6,"column":31}}],"line":6},"1":{"loc":{"start":{"line":10,"column":8},"end":{"line":35,"column":9}},"type":"if","locations":[{"start":{"line":10,"column":8},"end":{"line":35,"column":9}},{"start":{"line":10,"column":8},"end":{"line":35,"column":9}}],"line":10},"2":{"loc":{"start":{"line":47,"column":15},"end":{"line":47,"column":26}},"type":"default-arg","locations":[{"start":{"line":47,"column":22},"end":{"line":47,"column":26}}],"line":47},"3":{"loc":{"start":{"line":47,"column":28},"end":{"line":47,"column":46}},"type":"default-arg","locations":[{"start":{"line":47,"column":42},"end":{"line":47,"column":46}}],"line":47},"4":{"loc":{"start":{"line":49,"column":8},"end":{"line":52,"column":14}},"type":"if","locations":[{"start":{"line":49,"column":8},"end":{"line":52,"column":14}},{"start":{"line":49,"column":8},"end":{"line":52,"column":14}}],"line":49},"5":{"loc":{"start":{"line":54,"column":8},"end":{"line":57,"column":14}},"type":"if","locations":[{"start":{"line":54,"column":8},"end":{"line":57,"column":14}},{"start":{"line":54,"column":8},"end":{"line":57,"column":14}}],"line":54},"6":{"loc":{"start":{"line":54,"column":12},"end":{"line":54,"column":44}},"type":"binary-expr","locations":[{"start":{"line":54,"column":12},"end":{"line":54,"column":16}},{"start":{"line":54,"column":20},"end":{"line":54,"column":44}}],"line":54},"7":{"loc":{"start":{"line":59,"column":8},"end":{"line":62,"column":14}},"type":"if","locations":[{"start":{"line":59,"column":8},"end":{"line":62,"column":14}},{"start":{"line":59,"column":8},"end":{"line":62,"column":14}}],"line":59},"8":{"loc":{"start":{"line":59,"column":12},"end":{"line":59,"column":58}},"type":"binary-expr","locations":[{"start":{"line":59,"column":12},"end":{"line":59,"column":23}},{"start":{"line":59,"column":27},"end":{"line":59,"column":58}}],"line":59},"9":{"loc":{"start":{"line":65,"column":19},"end":{"line":65,"column":56}},"type":"cond-expr","locations":[{"start":{"line":65,"column":33},"end":{"line":65,"column":44}},{"start":{"line":65,"column":47},"end":{"line":65,"column":56}}],"line":65},"10":{"loc":{"start":{"line":68,"column":8},"end":{"line":68,"column":94}},"type":"if","locations":[{"start":{"line":68,"column":8},"end":{"line":68,"column":94}},{"start":{"line":68,"column":8},"end":{"line":68,"column":94}}],"line":68},"11":{"loc":{"start":{"line":68,"column":12},"end":{"line":68,"column":80}},"type":"binary-expr","locations":[{"start":{"line":68,"column":12},"end":{"line":68,"column":26}},{"start":{"line":68,"column":30},"end":{"line":68,"column":59}},{"start":{"line":68,"column":63},"end":{"line":68,"column":80}}],"line":68},"12":{"loc":{"start":{"line":73,"column":12},"end":{"line":88,"column":13}},"type":"if","locations":[{"start":{"line":73,"column":12},"end":{"line":88,"column":13}},{"start":{"line":73,"column":12},"end":{"line":88,"column":13}}],"line":73},"13":{"loc":{"start":{"line":75,"column":16},"end":{"line":87,"column":17}},"type":"if","locations":[{"start":{"line":75,"column":16},"end":{"line":87,"column":17}},{"start":{"line":75,"column":16},"end":{"line":87,"column":17}}],"line":75},"14":{"loc":{"start":{"line":79,"column":24},"end":{"line":80,"column":41}},"type":"if","locations":[{"start":{"line":79,"column":24},"end":{"line":80,"column":41}},{"start":{"line":79,"column":24},"end":{"line":80,"column":41}}],"line":79},"15":{"loc":{"start":{"line":79,"column":28},"end":{"line":79,"column":87}},"type":"binary-expr","locations":[{"start":{"line":79,"column":28},"end":{"line":79,"column":49}},{"start":{"line":79,"column":53},"end":{"line":79,"column":87}}],"line":79},"16":{"loc":{"start":{"line":83,"column":20},"end":{"line":83,"column":42}},"type":"if","locations":[{"start":{"line":83,"column":20},"end":{"line":83,"column":42}},{"start":{"line":83,"column":20},"end":{"line":83,"column":42}}],"line":83},"17":{"loc":{"start":{"line":92,"column":12},"end":{"line":92,"column":40}},"type":"if","locations":[{"start":{"line":92,"column":12},"end":{"line":92,"column":40}},{"start":{"line":92,"column":12},"end":{"line":92,"column":40}}],"line":92}},"s":{"0":1,"1":1,"2":1,"3":10,"4":6,"5":4,"6":90,"7":1,"8":89,"9":1,"10":88,"11":1,"12":87,"13":87,"14":19,"15":68,"16":82,"17":10,"18":5,"19":5,"20":5,"21":3,"22":5,"23":2,"24":5,"25":75,"26":75,"27":15,"28":46,"29":1},"f":{"0":10,"1":90},"b":{"0":[4],"1":[6,4],"2":[6],"3":[9],"4":[1,89],"5":[1,88],"6":[89,48],"7":[1,87],"8":[88,77],"9":[76,11],"10":[19,68],"11":[87,68,68],"12":[10,72],"13":[5,5],"14":[3,2],"15":[5,5],"16":[2,3],"17":[15,60]},"_coverageSchema":"332fd63041d2c1bcb487cc26dd0d5f7d97098a6c","hash":"7a3e60f08da89875ad1cf839a14eb5df08dc97e1"}
}
