TN:
SF:C:\Users\cseaton\Desktop\applications\l5xjs\src\document\index.js
FN:6,(anonymous_0)
FN:47,(anonymous_1)
FNF:2
FNH:2
FNDA:10,(anonymous_0)
FNDA:90,(anonymous_1)
DA:1,1
DA:2,1
DA:3,1
DA:10,10
DA:12,6
DA:15,4
DA:49,90
DA:50,1
DA:54,89
DA:55,1
DA:59,88
DA:60,1
DA:65,87
DA:68,87
DA:71,68
DA:73,82
DA:75,10
DA:77,5
DA:78,5
DA:79,5
DA:80,3
DA:83,5
DA:86,5
DA:91,75
DA:92,75
DA:96,46
DA:102,1
LF:27
LH:27
BRDA:6,0,0,4
BRDA:10,1,0,6
BRDA:10,1,1,4
BRDA:47,2,0,6
BRDA:47,3,0,9
BRDA:49,4,0,1
BRDA:49,4,1,89
BRDA:54,5,0,1
BRDA:54,5,1,88
BRDA:54,6,0,89
BRDA:54,6,1,48
BRDA:59,7,0,1
BRDA:59,7,1,87
BRDA:59,8,0,88
BRDA:59,8,1,77
BRDA:65,9,0,76
BRDA:65,9,1,11
BRDA:68,10,0,19
BRDA:68,10,1,68
BRDA:68,11,0,87
BRDA:68,11,1,68
BRDA:68,11,2,68
BRDA:73,12,0,10
BRDA:73,12,1,72
BRDA:75,13,0,5
BRDA:75,13,1,5
BRDA:79,14,0,3
BRDA:79,14,1,2
BRDA:79,15,0,5
BRDA:79,15,1,5
BRDA:83,16,0,2
BRDA:83,16,1,3
BRDA:92,17,0,15
BRDA:92,17,1,60
BRF:34
BRH:34
end_of_record
